Flow report for Final
Sun Jun 16 14:19:48 2024
Quartus II 64-Bit Version 13.1.0 Build 162 10/23/2013 SJ Web Edition


---------------------
; Table of Contents ;
---------------------
  1. Legal Notice
  2. Flow Summary
  3. Flow Settings
  4. Flow Non-Default Global Settings
  5. Flow Elapsed Time
  6. Flow OS Summary
  7. Flow Log
  8. Flow Messages
  9. Flow Suppressed Messages



----------------
; Legal Notice ;
----------------
Copyright (C) 1991-2013 Altera Corporation
Your use of Altera Corporation's design tools, logic functions 
and other software and tools, and its AMPP partner logic 
functions, and any output files from any of the foregoing 
(including device programming or simulation files), and any 
associated documentation or information are expressly subject 
to the terms and conditions of the Altera Program License 
Subscription Agreement, Altera MegaCore Function License 
Agreement, or other applicable license agreement, including, 
without limitation, that your use is for the sole purpose of 
programming logic devices manufactured by Altera and sold by 
Altera or its authorized distributors.  Please refer to the 
applicable agreement for further details.



+---------------------------------------------------------------------------------+
; Flow Summary                                                                    ;
+------------------------------------+--------------------------------------------+
; Flow Status                        ; Successful - Sun Jun 16 14:19:48 2024      ;
; Quartus II 64-Bit Version          ; 13.1.0 Build 162 10/23/2013 SJ Web Edition ;
; Revision Name                      ; Final                                      ;
; Top-level Entity Name              ; Block1                                     ;
; Family                             ; Cyclone IV E                               ;
; Device                             ; EP4CE115F29C7                              ;
; Timing Models                      ; Final                                      ;
; Total logic elements               ; 251 / 114,480 ( < 1 % )                    ;
;     Total combinational functions  ; 250 / 114,480 ( < 1 % )                    ;
;     Dedicated logic registers      ; 74 / 114,480 ( < 1 % )                     ;
; Total registers                    ; 74                                         ;
; Total pins                         ; 16 / 529 ( 3 % )                           ;
; Total virtual pins                 ; 0                                          ;
; Total memory bits                  ; 0 / 3,981,312 ( 0 % )                      ;
; Embedded Multiplier 9-bit elements ; 0 / 532 ( 0 % )                            ;
; Total PLLs                         ; 0 / 4 ( 0 % )                              ;
+------------------------------------+--------------------------------------------+


+-----------------------------------------+
; Flow Settings                           ;
+-------------------+---------------------+
; Option            ; Setting             ;
+-------------------+---------------------+
; Start date & time ; 06/16/2024 13:58:24 ;
; Main task         ; Compilation         ;
; Revision Name     ; Final               ;
+-------------------+---------------------+


+------------------------------------------------------------------------------------------------------------------------+
; Flow Non-Default Global Settings                                                                                       ;
+-------------------------------------+---------------------------------------+---------------+-------------+------------+
; Assignment Name                     ; Value                                 ; Default Value ; Entity Name ; Section Id ;
+-------------------------------------+---------------------------------------+---------------+-------------+------------+
; COMPILER_SIGNATURE_ID               ; 237785202958225.171851750409940       ; --            ; --          ; --         ;
; ENABLE_OCT_DONE                     ; Off                                   ; On            ; --          ; --         ;
; MAX_CORE_JUNCTION_TEMP              ; 85                                    ; --            ; --          ; --         ;
; MIN_CORE_JUNCTION_TEMP              ; 0                                     ; --            ; --          ; --         ;
; PARTITION_COLOR                     ; 16764057                              ; --            ; Block1      ; Top        ;
; PARTITION_FITTER_PRESERVATION_LEVEL ; PLACEMENT_AND_ROUTING                 ; --            ; Block1      ; Top        ;
; PARTITION_NETLIST_TYPE              ; SOURCE                                ; --            ; Block1      ; Top        ;
; POWER_BOARD_THERMAL_MODEL           ; None (CONSERVATIVE)                   ; --            ; --          ; --         ;
; POWER_PRESET_COOLING_SOLUTION       ; 23 MM HEAT SINK WITH 200 LFPM AIRFLOW ; --            ; --          ; --         ;
; TOP_LEVEL_ENTITY                    ; Block1                                ; Final         ; --          ; --         ;
+-------------------------------------+---------------------------------------+---------------+-------------+------------+


+-------------------------------------------------------------------------------------------------------------------------------+
; Flow Elapsed Time                                                                                                             ;
+---------------------------+--------------+-------------------------+---------------------+------------------------------------+
; Module Name               ; Elapsed Time ; Average Processors Used ; Peak Virtual Memory ; Total CPU Time (on all processors) ;
+---------------------------+--------------+-------------------------+---------------------+------------------------------------+
; Analysis & Synthesis      ; 00:00:02     ; 1.0                     ; 4652 MB             ; 00:00:01                           ;
; Fitter                    ; 00:00:10     ; 1.5                     ; 5750 MB             ; 00:00:16                           ;
; Assembler                 ; 00:00:02     ; 1.0                     ; 4612 MB             ; 00:00:03                           ;
; TimeQuest Timing Analyzer ; 00:00:02     ; 1.0                     ; 4772 MB             ; 00:00:02                           ;
; EDA Netlist Writer        ; 00:00:00     ; 1.0                     ; 4576 MB             ; 00:00:00                           ;
; EDA Netlist Writer        ; 00:00:00     ; 1.0                     ; 4576 MB             ; 00:00:00                           ;
; EDA Netlist Writer        ; 00:00:00     ; 1.0                     ; 4564 MB             ; 00:00:00                           ;
; EDA Netlist Writer        ; 00:00:00     ; 1.0                     ; 4576 MB             ; 00:00:00                           ;
; EDA Netlist Writer        ; 00:00:01     ; 1.0                     ; 4576 MB             ; 00:00:00                           ;
; EDA Netlist Writer        ; 00:00:00     ; 1.0                     ; 4576 MB             ; 00:00:00                           ;
; Total                     ; 00:00:17     ; --                      ; --                  ; 00:00:22                           ;
+---------------------------+--------------+-------------------------+---------------------+------------------------------------+


+----------------------------------------------------------------------------------------+
; Flow OS Summary                                                                        ;
+---------------------------+------------------+-----------+------------+----------------+
; Module Name               ; Machine Hostname ; OS Name   ; OS Version ; Processor type ;
+---------------------------+------------------+-----------+------------+----------------+
; Analysis & Synthesis      ; DESKTOP-9T0NHKO  ; Windows 7 ; 6.2        ; x86_64         ;
; Fitter                    ; DESKTOP-9T0NHKO  ; Windows 7 ; 6.2        ; x86_64         ;
; Assembler                 ; DESKTOP-9T0NHKO  ; Windows 7 ; 6.2        ; x86_64         ;
; TimeQuest Timing Analyzer ; DESKTOP-9T0NHKO  ; Windows 7 ; 6.2        ; x86_64         ;
; EDA Netlist Writer        ; DESKTOP-9T0NHKO  ; Windows 7 ; 6.2        ; x86_64         ;
; EDA Netlist Writer        ; DESKTOP-9T0NHKO  ; Windows 7 ; 6.2        ; x86_64         ;
; EDA Netlist Writer        ; DESKTOP-9T0NHKO  ; Windows 7 ; 6.2        ; x86_64         ;
; EDA Netlist Writer        ; DESKTOP-9T0NHKO  ; Windows 7 ; 6.2        ; x86_64         ;
; EDA Netlist Writer        ; DESKTOP-9T0NHKO  ; Windows 7 ; 6.2        ; x86_64         ;
; EDA Netlist Writer        ; DESKTOP-9T0NHKO  ; Windows 7 ; 6.2        ; x86_64         ;
+---------------------------+------------------+-----------+------------+----------------+


------------
; Flow Log ;
------------
quartus_map --read_settings_files=on --write_settings_files=off Final -c Final
quartus_fit --read_settings_files=off --write_settings_files=off Final -c Final
quartus_asm --read_settings_files=off --write_settings_files=off Final -c Final
quartus_sta Final -c Final
quartus_eda --gen_testbench --check_outputs=on --tool=modelsim_oem --format=verilog Final -c Final --vector_source=C:/Users/Admin/Desktop/Final/Final/Waveform.vwf --testbench_file=C:/Users/Admin/Desktop/Final/Final/simulation/qsim/Waveform.vwf.vt
quartus_eda --functional=on --flatten_buses=off --simulation=on --tool=modelsim_oem --format=verilog --output_directory=C:/Users/Admin/Desktop/Final/Final/simulation/qsim/ Final -c Final
quartus_eda --gen_testbench --check_outputs=on --tool=modelsim_oem --format=verilog Final -c Final --vector_source=C:/Users/Admin/Desktop/Final/Final/Waveform.vwf --testbench_file=C:/Users/Admin/Desktop/Final/Final/simulation/qsim/Waveform.vwf.vt
quartus_eda --functional=on --flatten_buses=off --simulation=on --tool=modelsim_oem --format=verilog --output_directory=C:/Users/Admin/Desktop/Final/Final/simulation/qsim/ Final -c Final
quartus_eda --gen_testbench --check_outputs=on --tool=modelsim_oem --format=verilog Final -c Final --vector_source=C:/Users/Admin/Desktop/Final/Final/Waveform.vwf --testbench_file=C:/Users/Admin/Desktop/Final/Final/simulation/qsim/Waveform.vwf.vt
quartus_eda --functional=on --flatten_buses=off --simulation=on --tool=modelsim_oem --format=verilog --output_directory=C:/Users/Admin/Desktop/Final/Final/simulation/qsim/ Final -c Final



